<?xml version="1.0" encoding="UTF-8"?>
<coverage generated="1699832674108" clover="3.2.0">
  <project timestamp="1699832674108" name="All files">
    <metrics statements="53" coveredstatements="52" conditionals="5" coveredconditionals="5" methods="12" coveredmethods="9" elements="70" coveredelements="66" complexity="0" loc="53" ncloc="53" packages="3" files="7" classes="7"/>
    <package name="src">
      <metrics statements="3" coveredstatements="3" conditionals="0" coveredconditionals="0" methods="2" coveredmethods="0"/>
      <file name="MyContext.tsx" path="/home/secret/Desktop/it-projects/almasklchv-REACT2023Q4/src/MyContext.tsx">
        <metrics statements="3" coveredstatements="3" conditionals="0" coveredconditionals="0" methods="2" coveredmethods="0"/>
        <line num="1" count="1" type="stmt"/>
        <line num="11" count="1" type="stmt"/>
        <line num="18" count="1" type="stmt"/>
      </file>
    </package>
    <package name="src.components">
      <metrics statements="48" coveredstatements="47" conditionals="5" coveredconditionals="5" methods="10" coveredmethods="9"/>
      <file name="Loader.tsx" path="/home/secret/Desktop/it-projects/almasklchv-REACT2023Q4/src/components/Loader.tsx">
        <metrics statements="3" coveredstatements="3" conditionals="0" coveredconditionals="0" methods="1" coveredmethods="1"/>
        <line num="1" count="2" type="stmt"/>
        <line num="2" count="5" type="stmt"/>
        <line num="9" count="2" type="stmt"/>
      </file>
      <file name="PokemonCard.tsx" path="/home/secret/Desktop/it-projects/almasklchv-REACT2023Q4/src/components/PokemonCard.tsx">
        <metrics statements="8" coveredstatements="8" conditionals="0" coveredconditionals="0" methods="2" coveredmethods="2"/>
        <line num="1" count="3" type="stmt"/>
        <line num="3" count="3" type="stmt"/>
        <line num="5" count="3" type="stmt"/>
        <line num="6" count="46" type="stmt"/>
        <line num="8" count="46" type="stmt"/>
        <line num="9" count="1" type="stmt"/>
        <line num="12" count="46" type="stmt"/>
        <line num="29" count="3" type="stmt"/>
      </file>
      <file name="PokemonDetails.tsx" path="/home/secret/Desktop/it-projects/almasklchv-REACT2023Q4/src/components/PokemonDetails.tsx">
        <metrics statements="27" coveredstatements="26" conditionals="4" coveredconditionals="4" methods="4" coveredmethods="3"/>
        <line num="1" count="2" type="stmt"/>
        <line num="2" count="2" type="stmt"/>
        <line num="3" count="2" type="stmt"/>
        <line num="5" count="2" type="stmt"/>
        <line num="7" count="2" type="stmt"/>
        <line num="8" count="10" type="stmt"/>
        <line num="9" count="9" type="stmt"/>
        <line num="10" count="9" type="stmt"/>
        <line num="11" count="9" type="stmt"/>
        <line num="12" count="9" type="stmt"/>
        <line num="13" count="9" type="stmt"/>
        <line num="14" count="9" type="stmt"/>
        <line num="16" count="9" type="stmt"/>
        <line num="18" count="9" type="stmt"/>
        <line num="20" count="9" type="stmt"/>
        <line num="21" count="5" type="stmt"/>
        <line num="25" count="5" type="stmt"/>
        <line num="28" count="5" type="stmt"/>
        <line num="30" count="5" type="stmt"/>
        <line num="31" count="5" type="stmt"/>
        <line num="32" count="5" type="stmt"/>
        <line num="33" count="5" type="stmt"/>
        <line num="34" count="5" type="stmt"/>
        <line num="35" count="5" type="stmt"/>
        <line num="39" count="0" type="stmt"/>
        <line num="42" count="9" type="stmt"/>
        <line num="78" count="2" type="stmt"/>
      </file>
      <file name="PokemonList.tsx" path="/home/secret/Desktop/it-projects/almasklchv-REACT2023Q4/src/components/PokemonList.tsx">
        <metrics statements="10" coveredstatements="10" conditionals="1" coveredconditionals="1" methods="3" coveredmethods="3"/>
        <line num="1" count="1" type="stmt"/>
        <line num="2" count="1" type="stmt"/>
        <line num="4" count="1" type="stmt"/>
        <line num="6" count="1" type="stmt"/>
        <line num="7" count="3" type="stmt"/>
        <line num="10" count="2" type="stmt"/>
        <line num="11" count="40" type="stmt"/>
        <line num="15" count="3" type="cond" truecount="1" falsecount="0"/>
        <line num="17" count="2" type="stmt"/>
        <line num="20" count="1" type="stmt"/>
      </file>
    </package>
    <package name="src.mockData">
      <metrics statements="2" coveredstatements="2" conditionals="0" coveredconditionals="0" methods="0" coveredmethods="0"/>
      <file name="pokemon.ts" path="/home/secret/Desktop/it-projects/almasklchv-REACT2023Q4/src/mockData/pokemon.ts">
        <metrics statements="1" coveredstatements="1" conditionals="0" coveredconditionals="0" methods="0" coveredmethods="0"/>
        <line num="1" count="2" type="stmt"/>
      </file>
      <file name="pokemons.ts" path="/home/secret/Desktop/it-projects/almasklchv-REACT2023Q4/src/mockData/pokemons.ts">
        <metrics statements="1" coveredstatements="1" conditionals="0" coveredconditionals="0" methods="0" coveredmethods="0"/>
        <line num="3" count="3" type="stmt"/>
      </file>
    </package>
  </project>
</coverage>
