{"/home/secret/Desktop/it-projects/almasklchv-REACT2023Q4/src/app/components/PokemonCard.tsx": {"path":"/home/secret/Desktop/it-projects/almasklchv-REACT2023Q4/src/app/components/PokemonCard.tsx","statementMap":{"0":{"start":{"line":32,"column":0},"end":{"line":32,"column":15}},"1":{"start":{"line":2,"column":28},"end":{"line":2,"column":null}},"2":{"start":{"line":4,"column":19},"end":{"line":4,"column":null}},"3":{"start":{"line":5,"column":44},"end":{"line":5,"column":null}},"4":{"start":{"line":7,"column":20},"end":{"line":30,"column":null}},"5":{"start":{"line":8,"column":19},"end":{"line":8,"column":null}},"6":{"start":{"line":10,"column":29},"end":{"line":13,"column":null}},"7":{"start":{"line":11,"column":4},"end":{"line":11,"column":null}},"8":{"start":{"line":12,"column":4},"end":{"line":12,"column":null}},"9":{"start":{"line":32,"column":15},"end":{"line":32,"column":null}}},"fnMap":{"0":{"name":"(anonymous_2)","decl":{"start":{"line":7,"column":20},"end":{"line":7,"column":21}},"loc":{"start":{"line":7,"column":21},"end":{"line":30,"column":null}}},"1":{"name":"(anonymous_3)","decl":{"start":{"line":10,"column":29},"end":{"line":10,"column":null}},"loc":{"start":{"line":10,"column":29},"end":{"line":13,"column":null}}}},"branchMap":{},"s":{"0":5,"1":2,"2":2,"3":2,"4":2,"5":22,"6":0,"7":0,"8":0,"9":2},"f":{"0":22,"1":0},"b":{}}
,"/home/secret/Desktop/it-projects/almasklchv-REACT2023Q4/src/app/components/PokemonDetails.tsx": {"path":"/home/secret/Desktop/it-projects/almasklchv-REACT2023Q4/src/app/components/PokemonDetails.tsx","statementMap":{"0":{"start":{"line":82,"column":0},"end":{"line":82,"column":15}},"1":{"start":{"line":3,"column":43},"end":{"line":3,"column":null}},"2":{"start":{"line":4,"column":19},"end":{"line":4,"column":null}},"3":{"start":{"line":6,"column":41},"end":{"line":6,"column":null}},"4":{"start":{"line":7,"column":28},"end":{"line":7,"column":null}},"5":{"start":{"line":10,"column":23},"end":{"line":80,"column":null}},"6":{"start":{"line":11,"column":22},"end":{"line":12,"column":null}},"7":{"start":{"line":12,"column":27},"end":{"line":12,"column":50}},"8":{"start":{"line":15,"column":38},"end":{"line":15,"column":null}},"9":{"start":{"line":16,"column":30},"end":{"line":16,"column":null}},"10":{"start":{"line":17,"column":30},"end":{"line":17,"column":null}},"11":{"start":{"line":18,"column":30},"end":{"line":18,"column":null}},"12":{"start":{"line":19,"column":36},"end":{"line":19,"column":null}},"13":{"start":{"line":21,"column":32},"end":{"line":21,"column":null}},"14":{"start":{"line":23,"column":2},"end":{"line":25,"column":null}},"15":{"start":{"line":24,"column":4},"end":{"line":24,"column":null}},"16":{"start":{"line":27,"column":19},"end":{"line":27,"column":null}},"17":{"start":{"line":30,"column":21},"end":{"line":31,"column":null}},"18":{"start":{"line":33,"column":30},"end":{"line":33,"column":null}},"19":{"start":{"line":35,"column":4},"end":{"line":35,"column":null}},"20":{"start":{"line":36,"column":4},"end":{"line":36,"column":null}},"21":{"start":{"line":37,"column":4},"end":{"line":37,"column":null}},"22":{"start":{"line":38,"column":4},"end":{"line":38,"column":null}},"23":{"start":{"line":39,"column":4},"end":{"line":39,"column":null}},"24":{"start":{"line":40,"column":4},"end":{"line":40,"column":null}},"25":{"start":{"line":44,"column":4},"end":{"line":44,"column":null}},"26":{"start":{"line":82,"column":15},"end":{"line":82,"column":null}}},"fnMap":{"0":{"name":"(anonymous_5)","decl":{"start":{"line":10,"column":23},"end":{"line":10,"column":null}},"loc":{"start":{"line":10,"column":23},"end":{"line":80,"column":null}}},"1":{"name":"(anonymous_6)","decl":{"start":{"line":12,"column":4},"end":{"line":12,"column":5}},"loc":{"start":{"line":12,"column":27},"end":{"line":12,"column":50}}},"2":{"name":"(anonymous_7)","decl":{"start":{"line":23,"column":12},"end":{"line":23,"column":null}},"loc":{"start":{"line":23,"column":12},"end":{"line":25,"column":5}}},"3":{"name":"getPokemonDetails","decl":{"start":{"line":29,"column":17},"end":{"line":29,"column":null}},"loc":{"start":{"line":29,"column":17},"end":{"line":41,"column":null}}},"4":{"name":"closeDetailsModal","decl":{"start":{"line":43,"column":11},"end":{"line":43,"column":null}},"loc":{"start":{"line":43,"column":11},"end":{"line":45,"column":null}}}},"branchMap":{"0":{"loc":{"start":{"line":60,"column":7},"end":{"line":60,"column":null}},"type":"binary-expr","locations":[{"start":{"line":60,"column":7},"end":{"line":60,"column":null}}]}},"s":{"0":5,"1":2,"2":2,"3":2,"4":2,"5":2,"6":22,"7":0,"8":0,"9":0,"10":0,"11":0,"12":0,"13":0,"14":0,"15":0,"16":0,"17":0,"18":0,"19":0,"20":0,"21":0,"22":0,"23":0,"24":0,"25":0,"26":2},"f":{"0":22,"1":0,"2":0,"3":0,"4":0},"b":{"0":[0]}}
,"/home/secret/Desktop/it-projects/almasklchv-REACT2023Q4/src/mockData/pokemon.ts": {"path":"/home/secret/Desktop/it-projects/almasklchv-REACT2023Q4/src/mockData/pokemon.ts","statementMap":{"0":{"start":{"line":1,"column":13},"end":{"line":1,"column":31}},"1":{"start":{"line":1,"column":31},"end":{"line":10,"column":null}}},"fnMap":{},"branchMap":{},"s":{"0":5,"1":2},"f":{},"b":{}}
,"/home/secret/Desktop/it-projects/almasklchv-REACT2023Q4/src/mockData/pokemons.ts": {"path":"/home/secret/Desktop/it-projects/almasklchv-REACT2023Q4/src/mockData/pokemons.ts","statementMap":{"0":{"start":{"line":3,"column":13},"end":{"line":3,"column":39}},"1":{"start":{"line":3,"column":39},"end":{"line":124,"column":null}}},"fnMap":{},"branchMap":{},"s":{"0":5,"1":2},"f":{},"b":{}}
,"/home/secret/Desktop/it-projects/almasklchv-REACT2023Q4/src/redux/store/modalSlce.ts": {"path":"/home/secret/Desktop/it-projects/almasklchv-REACT2023Q4/src/redux/store/modalSlce.ts","statementMap":{"0":{"start":{"line":28,"column":0},"end":{"line":28,"column":15}},"1":{"start":{"line":10,"column":13},"end":{"line":10,"column":23}},"2":{"start":{"line":26,"column":15},"end":{"line":26,"column":29}},"3":{"start":{"line":26,"column":31},"end":{"line":26,"column":42}},"4":{"start":{"line":1,"column":28},"end":{"line":1,"column":null}},"5":{"start":{"line":10,"column":26},"end":{"line":24,"column":null}},"6":{"start":{"line":18,"column":6},"end":{"line":18,"column":null}},"7":{"start":{"line":21,"column":6},"end":{"line":21,"column":null}},"8":{"start":{"line":26,"column":47},"end":{"line":26,"column":65}},"9":{"start":{"line":28,"column":15},"end":{"line":28,"column":33}}},"fnMap":{"0":{"name":"(anonymous_5)","decl":{"start":{"line":17,"column":4},"end":{"line":17,"column":19}},"loc":{"start":{"line":17,"column":32},"end":{"line":19,"column":null}}},"1":{"name":"(anonymous_6)","decl":{"start":{"line":20,"column":4},"end":{"line":20,"column":16}},"loc":{"start":{"line":20,"column":21},"end":{"line":22,"column":null}}}},"branchMap":{},"s":{"0":0,"1":0,"2":0,"3":0,"4":2,"5":2,"6":0,"7":0,"8":2,"9":2},"f":{"0":0,"1":0},"b":{}}
}
