{"/home/secret/Desktop/it-projects/almasklchv-REACT2023Q4/src/MyContext.tsx": {"path":"/home/secret/Desktop/it-projects/almasklchv-REACT2023Q4/src/MyContext.tsx","statementMap":{"0":{"start":{"line":1,"column":0},"end":{"line":1,"column":38}},"1":{"start":{"line":11,"column":18},"end":{"line":16,"column":2}},"2":{"start":{"line":18,"column":13},"end":{"line":18,"column":65}}},"fnMap":{"0":{"name":"(anonymous_0)","decl":{"start":{"line":12,"column":15},"end":{"line":12,"column":18}},"loc":{"start":{"line":12,"column":20},"end":{"line":12,"column":23}}},"1":{"name":"(anonymous_1)","decl":{"start":{"line":13,"column":15},"end":{"line":13,"column":18}},"loc":{"start":{"line":13,"column":20},"end":{"line":13,"column":23}}}},"branchMap":{},"s":{"0":1,"1":1,"2":1},"f":{"0":0,"1":0},"b":{}}
,"/home/secret/Desktop/it-projects/almasklchv-REACT2023Q4/src/components/Loader.tsx": {"path":"/home/secret/Desktop/it-projects/almasklchv-REACT2023Q4/src/components/Loader.tsx","statementMap":{"0":{"start":{"line":1,"column":15},"end":{"line":7,"column":1}},"1":{"start":{"line":2,"column":2},"end":{"line":6,"column":4}},"2":{"start":{"line":9,"column":0},"end":{"line":9,"column":22}}},"fnMap":{"0":{"name":"(anonymous_0)","decl":{"start":{"line":1,"column":15},"end":{"line":1,"column":18}},"loc":{"start":{"line":1,"column":20},"end":{"line":7,"column":1}}}},"branchMap":{},"s":{"0":2,"1":5,"2":2},"f":{"0":5},"b":{}}
,"/home/secret/Desktop/it-projects/almasklchv-REACT2023Q4/src/components/PokemonCard.tsx": {"path":"/home/secret/Desktop/it-projects/almasklchv-REACT2023Q4/src/components/PokemonCard.tsx","statementMap":{"0":{"start":{"line":1,"column":0},"end":{"line":1,"column":47}},"1":{"start":{"line":3,"column":0},"end":{"line":3,"column":66}},"2":{"start":{"line":5,"column":20},"end":{"line":27,"column":1}},"3":{"start":{"line":6,"column":19},"end":{"line":6,"column":32}},"4":{"start":{"line":8,"column":29},"end":{"line":10,"column":3}},"5":{"start":{"line":9,"column":4},"end":{"line":9,"column":39}},"6":{"start":{"line":12,"column":2},"end":{"line":26,"column":4}},"7":{"start":{"line":29,"column":0},"end":{"line":29,"column":27}}},"fnMap":{"0":{"name":"(anonymous_1)","decl":{"start":{"line":5,"column":20},"end":{"line":5,"column":21}},"loc":{"start":{"line":5,"column":39},"end":{"line":27,"column":1}}},"1":{"name":"(anonymous_2)","decl":{"start":{"line":8,"column":29},"end":{"line":8,"column":32}},"loc":{"start":{"line":8,"column":34},"end":{"line":10,"column":3}}}},"branchMap":{},"s":{"0":3,"1":3,"2":3,"3":46,"4":46,"5":1,"6":46,"7":3},"f":{"0":46,"1":1},"b":{}}
,"/home/secret/Desktop/it-projects/almasklchv-REACT2023Q4/src/components/PokemonDetails.tsx": {"path":"/home/secret/Desktop/it-projects/almasklchv-REACT2023Q4/src/components/PokemonDetails.tsx","statementMap":{"0":{"start":{"line":1,"column":0},"end":{"line":1,"column":51}},"1":{"start":{"line":2,"column":0},"end":{"line":2,"column":69}},"2":{"start":{"line":3,"column":0},"end":{"line":3,"column":60}},"3":{"start":{"line":5,"column":0},"end":{"line":5,"column":30}},"4":{"start":{"line":7,"column":23},"end":{"line":76,"column":1}},"5":{"start":{"line":8,"column":19},"end":{"line":8,"column":32}},"6":{"start":{"line":9,"column":22},"end":{"line":9,"column":48}},"7":{"start":{"line":10,"column":38},"end":{"line":10,"column":50}},"8":{"start":{"line":11,"column":30},"end":{"line":11,"column":41}},"9":{"start":{"line":12,"column":30},"end":{"line":12,"column":41}},"10":{"start":{"line":13,"column":30},"end":{"line":13,"column":42}},"11":{"start":{"line":14,"column":36},"end":{"line":14,"column":51}},"12":{"start":{"line":16,"column":32},"end":{"line":16,"column":46}},"13":{"start":{"line":18,"column":19},"end":{"line":18,"column":32}},"14":{"start":{"line":20,"column":2},"end":{"line":22,"column":9}},"15":{"start":{"line":21,"column":4},"end":{"line":21,"column":24}},"16":{"start":{"line":25,"column":21},"end":{"line":26,"column":null}},"17":{"start":{"line":28,"column":30},"end":{"line":28,"column":51}},"18":{"start":{"line":30,"column":4},"end":{"line":30,"column":46}},"19":{"start":{"line":31,"column":4},"end":{"line":31,"column":27}},"20":{"start":{"line":32,"column":4},"end":{"line":32,"column":27}},"21":{"start":{"line":33,"column":4},"end":{"line":33,"column":36}},"22":{"start":{"line":34,"column":4},"end":{"line":34,"column":34}},"23":{"start":{"line":35,"column":4},"end":{"line":35,"column":22}},"24":{"start":{"line":39,"column":4},"end":{"line":39,"column":17}},"25":{"start":{"line":42,"column":2},"end":{"line":75,"column":4}},"26":{"start":{"line":78,"column":0},"end":{"line":78,"column":30}}},"fnMap":{"0":{"name":"(anonymous_1)","decl":{"start":{"line":7,"column":23},"end":{"line":7,"column":26}},"loc":{"start":{"line":7,"column":28},"end":{"line":76,"column":1}}},"1":{"name":"(anonymous_2)","decl":{"start":{"line":20,"column":12},"end":{"line":20,"column":15}},"loc":{"start":{"line":20,"column":17},"end":{"line":22,"column":3}}},"2":{"name":"getPokemonDetails","decl":{"start":{"line":24,"column":17},"end":{"line":24,"column":34}},"loc":{"start":{"line":24,"column":34},"end":{"line":36,"column":3}}},"3":{"name":"closeDetailsModal","decl":{"start":{"line":38,"column":11},"end":{"line":38,"column":28}},"loc":{"start":{"line":38,"column":28},"end":{"line":40,"column":3}}}},"branchMap":{"0":{"loc":{"start":{"line":55,"column":7},"end":{"line":55,"column":28}},"type":"binary-expr","locations":[{"start":{"line":55,"column":7},"end":{"line":55,"column":14}},{"start":{"line":55,"column":18},"end":{"line":55,"column":28}}]},"1":{"loc":{"start":{"line":56,"column":7},"end":{"line":72,"column":null}},"type":"binary-expr","locations":[{"start":{"line":56,"column":7},"end":{"line":56,"column":15}},{"start":{"line":57,"column":8},"end":{"line":71,"column":null}}]}},"s":{"0":2,"1":2,"2":2,"3":2,"4":2,"5":10,"6":9,"7":9,"8":9,"9":9,"10":9,"11":9,"12":9,"13":9,"14":9,"15":5,"16":5,"17":5,"18":5,"19":5,"20":5,"21":5,"22":5,"23":5,"24":0,"25":9,"26":2},"f":{"0":10,"1":5,"2":5,"3":0},"b":{"0":[9,5],"1":[9,4]}}
,"/home/secret/Desktop/it-projects/almasklchv-REACT2023Q4/src/components/PokemonList.tsx": {"path":"/home/secret/Desktop/it-projects/almasklchv-REACT2023Q4/src/components/PokemonList.tsx","statementMap":{"0":{"start":{"line":1,"column":0},"end":{"line":1,"column":35}},"1":{"start":{"line":2,"column":0},"end":{"line":2,"column":41}},"2":{"start":{"line":4,"column":0},"end":{"line":4,"column":40}},"3":{"start":{"line":6,"column":20},"end":{"line":18,"column":1}},"4":{"start":{"line":7,"column":23},"end":{"line":7,"column":44}},"5":{"start":{"line":10,"column":4},"end":{"line":12,"column":7}},"6":{"start":{"line":11,"column":6},"end":{"line":11,"column":61}},"7":{"start":{"line":15,"column":2},"end":{"line":15,"column":61}},"8":{"start":{"line":15,"column":24},"end":{"line":15,"column":61}},"9":{"start":{"line":17,"column":2},"end":{"line":17,"column":78}},"10":{"start":{"line":20,"column":0},"end":{"line":20,"column":27}}},"fnMap":{"0":{"name":"(anonymous_1)","decl":{"start":{"line":6,"column":20},"end":{"line":6,"column":23}},"loc":{"start":{"line":6,"column":25},"end":{"line":18,"column":1}}},"1":{"name":"renderPokemonCards","decl":{"start":{"line":9,"column":11},"end":{"line":9,"column":29}},"loc":{"start":{"line":9,"column":49},"end":{"line":13,"column":3}}},"2":{"name":"(anonymous_3)","decl":{"start":{"line":10,"column":24},"end":{"line":10,"column":25}},"loc":{"start":{"line":10,"column":36},"end":{"line":12,"column":5}}}},"branchMap":{"0":{"loc":{"start":{"line":15,"column":2},"end":{"line":15,"column":61}},"type":"if","locations":[{"start":{"line":15,"column":2},"end":{"line":15,"column":61}}]}},"s":{"0":1,"1":1,"2":1,"3":1,"4":3,"5":2,"6":40,"7":3,"8":1,"9":2,"10":1},"f":{"0":3,"1":2,"2":40},"b":{"0":[1]}}
,"/home/secret/Desktop/it-projects/almasklchv-REACT2023Q4/src/mockData/pokemon.ts": {"path":"/home/secret/Desktop/it-projects/almasklchv-REACT2023Q4/src/mockData/pokemon.ts","statementMap":{"0":{"start":{"line":1,"column":13},"end":{"line":10,"column":2}}},"fnMap":{},"branchMap":{},"s":{"0":2},"f":{},"b":{}}
,"/home/secret/Desktop/it-projects/almasklchv-REACT2023Q4/src/mockData/pokemons.ts": {"path":"/home/secret/Desktop/it-projects/almasklchv-REACT2023Q4/src/mockData/pokemons.ts","statementMap":{"0":{"start":{"line":3,"column":13},"end":{"line":124,"column":2}}},"fnMap":{},"branchMap":{},"s":{"0":3},"f":{},"b":{}}
}
