TN:
SF:src/app/components/PokemonCard.tsx
FN:7,(anonymous_2)
FN:10,(anonymous_3)
FNF:2
FNH:1
FNDA:22,(anonymous_2)
FNDA:0,(anonymous_3)
DA:2,2
DA:4,2
DA:5,2
DA:7,2
DA:8,22
DA:10,0
DA:11,0
DA:12,0
DA:32,5
LF:9
LH:6
BRF:0
BRH:0
end_of_record
TN:
SF:src/app/components/PokemonDetails.tsx
FN:10,(anonymous_5)
FN:12,(anonymous_6)
FN:23,(anonymous_7)
FN:29,getPokemonDetails
FN:43,closeDetailsModal
FNF:5
FNH:1
FNDA:22,(anonymous_5)
FNDA:0,(anonymous_6)
FNDA:0,(anonymous_7)
FNDA:0,getPokemonDetails
FNDA:0,closeDetailsModal
DA:3,2
DA:4,2
DA:6,2
DA:7,2
DA:10,2
DA:11,22
DA:12,0
DA:15,0
DA:16,0
DA:17,0
DA:18,0
DA:19,0
DA:21,0
DA:23,0
DA:24,0
DA:27,0
DA:30,0
DA:33,0
DA:35,0
DA:36,0
DA:37,0
DA:38,0
DA:39,0
DA:40,0
DA:44,0
DA:82,5
LF:26
LH:7
BRDA:60,0,0,0
BRF:1
BRH:0
end_of_record
TN:
SF:src/mockData/pokemon.ts
FNF:0
FNH:0
DA:1,5
LF:1
LH:1
BRF:0
BRH:0
end_of_record
TN:
SF:src/mockData/pokemons.ts
FNF:0
FNH:0
DA:3,5
LF:1
LH:1
BRF:0
BRH:0
end_of_record
TN:
SF:src/redux/store/modalSlce.ts
FN:17,(anonymous_5)
FN:20,(anonymous_6)
FNF:2
FNH:0
FNDA:0,(anonymous_5)
FNDA:0,(anonymous_6)
DA:1,2
DA:10,2
DA:18,0
DA:21,0
DA:26,2
DA:28,2
LF:6
LH:4
BRF:0
BRH:0
end_of_record
