TN:
SF:src/MyContext.tsx
FN:12,(anonymous_0)
FN:13,(anonymous_1)
FNF:2
FNH:0
FNDA:0,(anonymous_0)
FNDA:0,(anonymous_1)
DA:1,1
DA:11,1
DA:18,1
LF:3
LH:3
BRF:0
BRH:0
end_of_record
TN:
SF:src/components/Loader.tsx
FN:1,(anonymous_0)
FNF:1
FNH:1
FNDA:5,(anonymous_0)
DA:1,2
DA:2,5
DA:9,2
LF:3
LH:3
BRF:0
BRH:0
end_of_record
TN:
SF:src/components/PokemonCard.tsx
FN:5,(anonymous_1)
FN:8,(anonymous_2)
FNF:2
FNH:2
FNDA:46,(anonymous_1)
FNDA:1,(anonymous_2)
DA:1,3
DA:3,3
DA:5,3
DA:6,46
DA:8,46
DA:9,1
DA:12,46
DA:29,3
LF:8
LH:8
BRF:0
BRH:0
end_of_record
TN:
SF:src/components/PokemonDetails.tsx
FN:7,(anonymous_1)
FN:20,(anonymous_2)
FN:24,getPokemonDetails
FN:38,closeDetailsModal
FNF:4
FNH:3
FNDA:10,(anonymous_1)
FNDA:5,(anonymous_2)
FNDA:5,getPokemonDetails
FNDA:0,closeDetailsModal
DA:1,2
DA:2,2
DA:3,2
DA:5,2
DA:7,2
DA:8,10
DA:9,9
DA:10,9
DA:11,9
DA:12,9
DA:13,9
DA:14,9
DA:16,9
DA:18,9
DA:20,9
DA:21,5
DA:25,5
DA:28,5
DA:30,5
DA:31,5
DA:32,5
DA:33,5
DA:34,5
DA:35,5
DA:39,0
DA:42,9
DA:78,2
LF:27
LH:26
BRDA:55,0,0,9
BRDA:55,0,1,5
BRDA:56,1,0,9
BRDA:56,1,1,4
BRF:4
BRH:4
end_of_record
TN:
SF:src/components/PokemonList.tsx
FN:6,(anonymous_1)
FN:9,renderPokemonCards
FN:10,(anonymous_3)
FNF:3
FNH:3
FNDA:3,(anonymous_1)
FNDA:2,renderPokemonCards
FNDA:40,(anonymous_3)
DA:1,1
DA:2,1
DA:4,1
DA:6,1
DA:7,3
DA:10,2
DA:11,40
DA:15,3
DA:17,2
DA:20,1
LF:10
LH:10
BRDA:15,0,0,1
BRF:1
BRH:1
end_of_record
TN:
SF:src/mockData/pokemon.ts
FNF:0
FNH:0
DA:1,2
LF:1
LH:1
BRF:0
BRH:0
end_of_record
TN:
SF:src/mockData/pokemons.ts
FNF:0
FNH:0
DA:3,3
LF:1
LH:1
BRF:0
BRH:0
end_of_record
